<?xml version="1.0" encoding="UTF-8"?>
<!-- Generated by org.testng.reporters.JUnitXMLReporter -->
<testsuite ignored="4" hostname="PANKAJ21" failures="1" tests="1" name="Test(failed)(failed)(failed)(failed)" time="0.101" errors="0" timestamp="2022-03-23T16:00:58 IST">
  <testcase classname="groupTestNG.FailXMLNG" name="TC2" time="0.019">
    <failure type="java.lang.AssertionError" message="null">
      <![CDATA[java.lang.AssertionError: null
at groupTestNG.FailXMLNG.TC2(FailXMLNG.java:18)
at java.base/java.util.ArrayList.forEach(ArrayList.java:1511)
... Removed 29 stack frames]]>
    </failure>
  </testcase> <!-- TC2 -->
  <testcase classname="groupTestNG.FailXMLNG" name="TC5" time="0.0">
    <ignored/>
  </testcase> <!-- TC5 -->
  <testcase classname="groupTestNG.FailXMLNG" name="TC1" time="0.0">
    <ignored/>
  </testcase> <!-- TC1 -->
  <testcase classname="groupTestNG.FailXMLNG" name="TC4" time="0.0">
    <ignored/>
  </testcase> <!-- TC4 -->
  <testcase classname="groupTestNG.FailXMLNG" name="TC3" time="0.0">
    <ignored/>
  </testcase> <!-- TC3 -->
</testsuite> <!-- Test(failed)(failed)(failed)(failed) -->
