<?xml version="1.0" encoding="UTF-8"?>
<!-- Generated by org.testng.reporters.JUnitXMLReporter -->
<testsuite ignored="3" hostname="PANKAJ21" failures="0" tests="2" name="Test(failed)(failed)(failed)" time="0.173" errors="0" timestamp="2022-03-23T16:04:21 IST">
  <testcase classname="groupTestNG.FailXMLNG" name="TC2" time="0.018"/>
  <testcase classname="groupTestNG.FailXMLNG" name="TC1" time="0.07"/>
  <testcase classname="groupTestNG.FailXMLNG" name="TC5" time="0.0">
    <ignored/>
  </testcase> <!-- TC5 -->
  <testcase classname="groupTestNG.FailXMLNG" name="TC4" time="0.0">
    <ignored/>
  </testcase> <!-- TC4 -->
  <testcase classname="groupTestNG.FailXMLNG" name="TC3" time="0.0">
    <ignored/>
  </testcase> <!-- TC3 -->
</testsuite> <!-- Test(failed)(failed)(failed) -->
